[10:43:20.550] [bus] [38;5;208mlog:entry[0m
payload:
{
  args: [
    [32m'Starting - source: /Users/ryn/Developer/reference-ui/packages/reference-unit patterns: src/**/*.{ts,tsx,mdx}, tests/**/*.{ts,tsx,mdx}'[39m
  ],
  level: [32m'debug'[39m,
  module: [32m'watch'[39m,
  source: [32m'worker'[39m,
  threadId: [33m1[39m,
  timestamp: [32m'10:43:20.536'[39m
}
[2m--------------------[0m
[10:43:20.550] [bus] [38;5;208mreference:ready[0m
payload:
{}
[2m--------------------[0m
[10:43:20.536] [worker:1] [watch] Starting - source: /Users/ryn/Developer/reference-ui/packages/reference-unit patterns: src/**/*.{ts,tsx,mdx}, tests/**/*.{ts,tsx,mdx}
[10:43:20.552] [bus] [38;5;208mlog:entry[0m
payload:
{
  args: [
    [32m'Ready - watching for changes'[39m
  ],
  level: [32m'debug'[39m,
  module: [32m'watch'[39m,
  source: [32m'worker'[39m,
  threadId: [33m1[39m,
  timestamp: [32m'10:43:20.551'[39m
}
[2m--------------------[0m
[10:43:20.551] [worker:1] [watch] Ready - watching for changes
[10:43:20.554] [bus] [38;5;208mvirtual:ready[0m
payload:
{}
[2m--------------------[0m
[10:43:20.565] [bus] [38;5;208mlog:entry[0m
payload:
{
  args: [
    [32m'Generating TypeScript declarations...'[39m
  ],
  level: [32m'debug'[39m,
  module: [32m'packager:ts'[39m,
  source: [32m'worker'[39m,
  threadId: [33m6[39m,
  timestamp: [32m'10:43:20.565'[39m
}
[2m--------------------[0m
[10:43:20.565] [worker:6] [packager:ts] Generating TypeScript declarations...
[10:43:20.566] [bus] [38;5;208mlog:entry[0m
payload:
{
  args: [
    [32m'Building types for @reference-ui/react...'[39m
  ],
  level: [32m'debug'[39m,
  module: [32m'packager:ts'[39m,
  source: [32m'worker'[39m,
  threadId: [33m6[39m,
  timestamp: [32m'10:43:20.565'[39m
}
[2m--------------------[0m
[10:43:20.566] [bus] [38;5;208mlog:entry[0m
payload:
{
  args: [
    [32m'Initializing'[39m,
    [32m'/Users/ryn/Developer/reference-ui/packages/reference-unit'[39m,
    [32m'→'[39m,
    [32m'/Users/ryn/Developer/reference-ui/packages/reference-unit/.reference-ui/virtual'[39m
  ],
  level: [32m'debug'[39m,
  module: [32m'virtual'[39m,
  source: [32m'worker'[39m,
  threadId: [33m2[39m,
  timestamp: [32m'10:43:20.565'[39m
}
[2m--------------------[0m
[10:43:20.565] [worker:6] [packager:ts] Building types for @reference-ui/react...
[10:43:20.565] [worker:2] [virtual] Initializing /Users/ryn/Developer/reference-ui/packages/reference-unit → /Users/ryn/Developer/reference-ui/packages/reference-unit/.reference-ui/virtual
[10:43:20.569] [bus] [38;5;208mlog:entry[0m
payload:
{
  args: [
    [32m'[tsup] spawned PID 37549'[39m
  ],
  level: [32m'debug'[39m,
  module: [32m'packager:ts'[39m,
  source: [32m'worker'[39m,
  threadId: [33m6[39m,
  timestamp: [32m'10:43:20.569'[39m
}
[2m--------------------[0m
[10:43:20.569] [bus] [38;5;208mprocess:spawned[0m
payload:
{
  pid: [33m37549[39m,
  processName: [32m'tsup'[39m
}
[2m--------------------[0m
[10:43:20.569] [worker:6] [packager:ts] [tsup] spawned PID 37549
[10:43:20.581] [bus] [38;5;208mlog:entry[0m
payload:
{
  args: [
    [32m'Copying 53 files'[39m
  ],
  level: [32m'debug'[39m,
  module: [32m'virtual'[39m,
  source: [32m'worker'[39m,
  threadId: [33m2[39m,
  timestamp: [32m'10:43:20.581'[39m
}
[2m--------------------[0m
[10:43:20.581] [worker:2] [virtual] Copying 53 files
[10:43:20.585] [bus] [38;5;208mvirtual:fs:change[0m
payload:
{
  event: [32m'add'[39m,
  path: [32m'/Users/ryn/Developer/reference-ui/packages/reference-unit/.reference-ui/virtual/src/App.tsx'[39m
}
[2m--------------------[0m
[10:43:20.586] [bus] [38;5;208mvirtual:fs:change[0m
payload:
{
  event: [32m'add'[39m,
  path: [32m'/Users/ryn/Developer/reference-ui/packages/reference-unit/.reference-ui/virtual/src/main.tsx'[39m
}
[2m--------------------[0m
[10:43:20.586] [bus] [38;5;208mpackager:ready[0m
payload:
{}
[2m--------------------[0m
[10:43:20.586] [bus] [38;5;208mvirtual:fs:change[0m
payload:
{
  event: [32m'add'[39m,
  path: [32m'/Users/ryn/Developer/reference-ui/packages/reference-unit/.reference-ui/virtual/src/reference/fixtures.ts'[39m
}
[2m--------------------[0m
[10:43:20.587] [bus] [38;5;208mvirtual:fs:change[0m
payload:
{
  event: [32m'add'[39m,
  path: [32m'/Users/ryn/Developer/reference-ui/packages/reference-unit/.reference-ui/virtual/src/system/combinedCustomProps.fixture.tsx'[39m
}
[2m--------------------[0m
[10:43:20.587] [bus] [38;5;208mvirtual:fs:change[0m
payload:
{
  event: [32m'add'[39m,
  path: [32m'/Users/ryn/Developer/reference-ui/packages/reference-unit/.reference-ui/virtual/src/system/containerAnonymous.fixture.tsx'[39m
}
[2m--------------------[0m
[10:43:20.588] [bus] [38;5;208mvirtual:fs:change[0m
payload:
{
  event: [32m'add'[39m,
  path: [32m'/Users/ryn/Developer/reference-ui/packages/reference-unit/.reference-ui/virtual/src/system/containerNamed.fixture.tsx'[39m
}
[2m--------------------[0m
[10:43:20.588] [bus] [38;5;208mvirtual:fs:change[0m
payload:
{
  event: [32m'add'[39m,
  path: [32m'/Users/ryn/Developer/reference-ui/packages/reference-unit/.reference-ui/virtual/src/system/containerNamedNested.fixture.tsx'[39m
}
[2m--------------------[0m
[10:43:20.589] [bus] [38;5;208mvirtual:fs:change[0m
payload:
{
  event: [32m'add'[39m,
  path: [32m'/Users/ryn/Developer/reference-ui/packages/reference-unit/.reference-ui/virtual/src/system/containerNested.fixture.tsx'[39m
}
[2m--------------------[0m
[10:43:20.590] [bus] [38;5;208mvirtual:fs:change[0m
payload:
{
  event: [32m'add'[39m,
  path: [32m'/Users/ryn/Developer/reference-ui/packages/reference-unit/.reference-ui/virtual/src/system/fontProp.fixture.tsx'[39m
}
[2m--------------------[0m
[10:43:20.590] [bus] [38;5;208mvirtual:fs:change[0m
payload:
{
  event: [32m'add'[39m,
  path: [32m'/Users/ryn/Developer/reference-ui/packages/reference-unit/.reference-ui/virtual/src/system/fonts.ts'[39m
}
[2m--------------------[0m
[10:43:20.591] [bus] [38;5;208mvirtual:fs:change[0m
payload:
{
  event: [32m'add'[39m,
  path: [32m'/Users/ryn/Developer/reference-ui/packages/reference-unit/.reference-ui/virtual/src/system/styles.ts'[39m
}
[2m--------------------[0m
[10:43:20.591] [bus] [38;5;208mvirtual:fs:change[0m
payload:
{
  event: [32m'add'[39m,
  path: [32m'/Users/ryn/Developer/reference-ui/packages/reference-unit/.reference-ui/virtual/src/types/reference-ui-generated.d.ts'[39m
}
[2m--------------------[0m
[10:43:20.592] [bus] [38;5;208mlog:entry[0m
payload:
{
  args: [
    [32m'✓ src/virtual/css.tsx'[39m
  ],
  level: [32m'debug'[39m,
  module: [32m'virtual'[39m,
  source: [32m'worker'[39m,
  threadId: [33m2[39m,
  timestamp: [32m'10:43:20.592'[39m
}
[2m--------------------[0m
[10:43:20.592] [bus] [38;5;208mvirtual:fs:change[0m
payload:
{
  event: [32m'add'[39m,
  path: [32m'/Users/ryn/Developer/reference-ui/packages/reference-unit/.reference-ui/virtual/src/virtual/css.tsx'[39m
}
[2m--------------------[0m
[10:43:20.592] [worker:2] [virtual] ✓ src/virtual/css.tsx
[10:43:20.594] [bus] [38;5;208mlog:entry[0m
payload:
{
  args: [
    [32m'✓ src/virtual/demo.mdx'[39m
  ],
  level: [32m'debug'[39m,
  module: [32m'virtual'[39m,
  source: [32m'worker'[39m,
  threadId: [33m2[39m,
  timestamp: [32m'10:43:20.593'[39m
}
[2m--------------------[0m
[10:43:20.594] [bus] [38;5;208mvirtual:fs:change[0m
payload:
{
  event: [32m'add'[39m,
  path: [32m'/Users/ryn/Developer/reference-ui/packages/reference-unit/.reference-ui/virtual/src/virtual/demo.jsx'[39m
}
[2m--------------------[0m
[10:43:20.593] [worker:2] [virtual] ✓ src/virtual/demo.mdx
[10:43:20.594] [bus] [38;5;208mlog:entry[0m
payload:
{
  args: [
    [32m'✓ src/virtual/recipes.tsx'[39m
  ],
  level: [32m'debug'[39m,
  module: [32m'virtual'[39m,
  source: [32m'worker'[39m,
  threadId: [33m2[39m,
  timestamp: [32m'10:43:20.594'[39m
}
[2m--------------------[0m
[10:43:20.594] [bus] [38;5;208mvirtual:fs:change[0m
payload:
{
  event: [32m'add'[39m,
  path: [32m'/Users/ryn/Developer/reference-ui/packages/reference-unit/.reference-ui/virtual/src/virtual/recipes.tsx'[39m
}
[2m--------------------[0m
[10:43:20.594] [worker:2] [virtual] ✓ src/virtual/recipes.tsx
[10:43:20.595] [bus] [38;5;208mvirtual:fs:change[0m
payload:
{
  event: [32m'add'[39m,
  path: [32m'/Users/ryn/Developer/reference-ui/packages/reference-unit/.reference-ui/virtual/tests/packager-ts.test.ts'[39m
}
[2m--------------------[0m
[10:43:20.595] [bus] [38;5;208mvirtual:fs:change[0m
payload:
{
  event: [32m'add'[39m,
  path: [32m'/Users/ryn/Developer/reference-ui/packages/reference-unit/.reference-ui/virtual/tests/ref-sync.test.ts'[39m
}
[2m--------------------[0m
[10:43:20.596] [bus] [38;5;208mvirtual:fs:change[0m
payload:
{
  event: [32m'add'[39m,
  path: [32m'/Users/ryn/Developer/reference-ui/packages/reference-unit/.reference-ui/virtual/tests/color-mode/data-prop.test.tsx'[39m
}
[2m--------------------[0m
[10:43:20.597] [bus] [38;5;208mvirtual:fs:change[0m
payload:
{
  event: [32m'add'[39m,
  path: [32m'/Users/ryn/Developer/reference-ui/packages/reference-unit/.reference-ui/virtual/tests/extends/component.test.tsx'[39m
}
[2m--------------------[0m
[10:43:20.597] [bus] [38;5;208mvirtual:fs:change[0m
payload:
{
  event: [32m'add'[39m,
  path: [32m'/Users/ryn/Developer/reference-ui/packages/reference-unit/.reference-ui/virtual/tests/extends/tokens.test.tsx'[39m
}
[2m--------------------[0m
[10:43:20.598] [bus] [38;5;208mvirtual:fs:change[0m
payload:
{
  event: [32m'add'[39m,
  path: [32m'/Users/ryn/Developer/reference-ui/packages/reference-unit/.reference-ui/virtual/tests/layers/component.test.tsx'[39m
}
[2m--------------------[0m
[10:43:20.598] [bus] [38;5;208mvirtual:fs:change[0m
payload:
{
  event: [32m'add'[39m,
  path: [32m'/Users/ryn/Developer/reference-ui/packages/reference-unit/.reference-ui/virtual/tests/layers/tokens.test.tsx'[39m
}
[2m--------------------[0m
[10:43:20.599] [bus] [38;5;208mvirtual:fs:change[0m
payload:
{
  event: [32m'add'[39m,
  path: [32m'/Users/ryn/Developer/reference-ui/packages/reference-unit/.reference-ui/virtual/tests/primitives/css-flatten-layers.test.ts'[39m
}
[2m--------------------[0m
[10:43:20.599] [bus] [38;5;208mvirtual:fs:change[0m
payload:
{
  event: [32m'add'[39m,
  path: [32m'/Users/ryn/Developer/reference-ui/packages/reference-unit/.reference-ui/virtual/tests/primitives/customProps.test.tsx'[39m
}
[2m--------------------[0m
[10:43:20.601] [bus] [38;5;208mvirtual:fs:change[0m
payload:
{
  event: [32m'add'[39m,
  path: [32m'/Users/ryn/Developer/reference-ui/packages/reference-unit/.reference-ui/virtual/tests/primitives/div.test.tsx'[39m
}
[2m--------------------[0m
[10:43:20.601] [bus] [38;5;208mvirtual:fs:change[0m
payload:
{
  event: [32m'add'[39m,
  path: [32m'/Users/ryn/Developer/reference-ui/packages/reference-unit/.reference-ui/virtual/tests/primitives/recipe.test.tsx'[39m
}
[2m--------------------[0m
[10:43:20.601] [bus] [38;5;208mvirtual:fs:change[0m
payload:
{
  event: [32m'add'[39m,
  path: [32m'/Users/ryn/Developer/reference-ui/packages/reference-unit/.reference-ui/virtual/tests/primitives/setup.ts'[39m
}
[2m--------------------[0m
[10:43:20.601] [bus] [38;5;208mvirtual:fs:change[0m
payload:
{
  event: [32m'add'[39m,
  path: [32m'/Users/ryn/Developer/reference-ui/packages/reference-unit/.reference-ui/virtual/tests/reference/component.test.tsx'[39m
}
[2m--------------------[0m
[10:43:20.601] [bus] [38;5;208mvirtual:fs:change[0m
payload:
{
  event: [32m'add'[39m,
  path: [32m'/Users/ryn/Developer/reference-ui/packages/reference-unit/.reference-ui/virtual/tests/reference/helpers.ts'[39m
}
[2m--------------------[0m
[10:43:20.602] [bus] [38;5;208mvirtual:fs:change[0m
payload:
{
  event: [32m'add'[39m,
  path: [32m'/Users/ryn/Developer/reference-ui/packages/reference-unit/.reference-ui/virtual/tests/reference/output.test.ts'[39m
}
[2m--------------------[0m
[10:43:20.602] [bus] [38;5;208mvirtual:fs:change[0m
payload:
{
  event: [32m'add'[39m,
  path: [32m'/Users/ryn/Developer/reference-ui/packages/reference-unit/.reference-ui/virtual/tests/reference/types-package.test.ts'[39m
}
[2m--------------------[0m
[10:43:20.602] [bus] [38;5;208mvirtual:fs:change[0m
payload:
{
  event: [32m'add'[39m,
  path: [32m'/Users/ryn/Developer/reference-ui/packages/reference-unit/.reference-ui/virtual/tests/setup/dom-matchers.ts'[39m
}
[2m--------------------[0m
[10:43:20.603] [bus] [38;5;208mvirtual:fs:change[0m
payload:
{
  event: [32m'add'[39m,
  path: [32m'/Users/ryn/Developer/reference-ui/packages/reference-unit/.reference-ui/virtual/tests/setup/global-setup.ts'[39m
}
[2m--------------------[0m
[10:43:20.603] [bus] [38;5;208mvirtual:fs:change[0m
payload:
{
  event: [32m'add'[39m,
  path: [32m'/Users/ryn/Developer/reference-ui/packages/reference-unit/.reference-ui/virtual/tests/setup/vitest-dom.d.ts'[39m
}
[2m--------------------[0m
[10:43:20.604] [bus] [38;5;208mvirtual:fs:change[0m
payload:
{
  event: [32m'add'[39m,
  path: [32m'/Users/ryn/Developer/reference-ui/packages/reference-unit/.reference-ui/virtual/tests/utils/design-system-css.ts'[39m
}
[2m--------------------[0m
[10:43:20.604] [bus] [38;5;208mvirtual:fs:change[0m
payload:
{
  event: [32m'add'[39m,
  path: [32m'/Users/ryn/Developer/reference-ui/packages/reference-unit/.reference-ui/virtual/tests/system/combinedCustomProps-output.test.ts'[39m
}
[2m--------------------[0m
[10:43:20.604] [bus] [38;5;208mvirtual:fs:change[0m
payload:
{
  event: [32m'add'[39m,
  path: [32m'/Users/ryn/Developer/reference-ui/packages/reference-unit/.reference-ui/virtual/tests/system/containerAnonymous-output.test.ts'[39m
}
[2m--------------------[0m
[10:43:20.605] [bus] [38;5;208mvirtual:fs:change[0m
payload:
{
  event: [32m'add'[39m,
  path: [32m'/Users/ryn/Developer/reference-ui/packages/reference-unit/.reference-ui/virtual/tests/system/containerNamed-output.test.ts'[39m
}
[2m--------------------[0m
[10:43:20.605] [bus] [38;5;208mvirtual:fs:change[0m
payload:
{
  event: [32m'add'[39m,
  path: [32m'/Users/ryn/Developer/reference-ui/packages/reference-unit/.reference-ui/virtual/tests/system/containerNamedNested-output.test.ts'[39m
}
[2m--------------------[0m
[10:43:20.605] [bus] [38;5;208mvirtual:fs:change[0m
payload:
{
  event: [32m'add'[39m,
  path: [32m'/Users/ryn/Developer/reference-ui/packages/reference-unit/.reference-ui/virtual/tests/system/containerNested-output.test.ts'[39m
}
[2m--------------------[0m
[10:43:20.606] [bus] [38;5;208mvirtual:fs:change[0m
payload:
{
  event: [32m'add'[39m,
  path: [32m'/Users/ryn/Developer/reference-ui/packages/reference-unit/.reference-ui/virtual/tests/system/customProps-output.helpers.ts'[39m
}
[2m--------------------[0m
[10:43:20.606] [bus] [38;5;208mvirtual:fs:change[0m
payload:
{
  event: [32m'add'[39m,
  path: [32m'/Users/ryn/Developer/reference-ui/packages/reference-unit/.reference-ui/virtual/tests/system/fontProp-output.test.ts'[39m
}
[2m--------------------[0m
[10:43:20.606] [bus] [38;5;208mvirtual:fs:change[0m
payload:
{
  event: [32m'add'[39m,
  path: [32m'/Users/ryn/Developer/reference-ui/packages/reference-unit/.reference-ui/virtual/tests/system/fontSystem.test.tsx'[39m
}
[2m--------------------[0m
[10:43:20.607] [bus] [38;5;208mvirtual:fs:change[0m
payload:
{
  event: [32m'add'[39m,
  path: [32m'/Users/ryn/Developer/reference-ui/packages/reference-unit/.reference-ui/virtual/tests/system/globalCss.test.tsx'[39m
}
[2m--------------------[0m
[10:43:20.608] [bus] [38;5;208mvirtual:fs:change[0m
payload:
{
  event: [32m'add'[39m,
  path: [32m'/Users/ryn/Developer/reference-ui/packages/reference-unit/.reference-ui/virtual/tests/system/keyframes.test.tsx'[39m
}
[2m--------------------[0m
[10:43:20.608] [bus] [38;5;208mvirtual:fs:change[0m
payload:
{
  event: [32m'add'[39m,
  path: [32m'/Users/ryn/Developer/reference-ui/packages/reference-unit/.reference-ui/virtual/tests/system/rhythm.test.tsx'[39m
}
[2m--------------------[0m
[10:43:20.608] [bus] [38;5;208mvirtual:fs:change[0m
payload:
{
  event: [32m'add'[39m,
  path: [32m'/Users/ryn/Developer/reference-ui/packages/reference-unit/.reference-ui/virtual/tests/system/tokens.test.tsx'[39m
}
[2m--------------------[0m
[10:43:20.609] [bus] [38;5;208mvirtual:fs:change[0m
payload:
{
  event: [32m'add'[39m,
  path: [32m'/Users/ryn/Developer/reference-ui/packages/reference-unit/.reference-ui/virtual/tests/watch/helpers.ts'[39m
}
[2m--------------------[0m
[10:43:20.609] [bus] [38;5;208mvirtual:fs:change[0m
payload:
{
  event: [32m'add'[39m,
  path: [32m'/Users/ryn/Developer/reference-ui/packages/reference-unit/.reference-ui/virtual/tests/watch/watch.test.ts'[39m
}
[2m--------------------[0m
[10:43:20.610] [bus] [38;5;208mvirtual:fs:change[0m
payload:
{
  event: [32m'add'[39m,
  path: [32m'/Users/ryn/Developer/reference-ui/packages/reference-unit/.reference-ui/virtual/tests/virtual/baseline.test.ts'[39m
}
[2m--------------------[0m
[10:43:20.610] [bus] [38;5;208mvirtual:fs:change[0m
payload:
{
  event: [32m'add'[39m,
  path: [32m'/Users/ryn/Developer/reference-ui/packages/reference-unit/.reference-ui/virtual/tests/virtual/helpers.ts'[39m
}
[2m--------------------[0m
[10:43:20.610] [bus] [38;5;208mvirtual:fs:change[0m
payload:
{
  event: [32m'add'[39m,
  path: [32m'/Users/ryn/Developer/reference-ui/packages/reference-unit/.reference-ui/virtual/tests/virtual/mirror.test.ts'[39m
}
[2m--------------------[0m
[10:43:20.611] [bus] [38;5;208mvirtual:fs:change[0m
payload:
{
  event: [32m'add'[39m,
  path: [32m'/Users/ryn/Developer/reference-ui/packages/reference-unit/.reference-ui/virtual/tests/virtual/transform.test.ts'[39m
}
[2m--------------------[0m
[10:43:20.611] [bus] [38;5;208mlog:entry[0m
payload:
{
  args: [
    [32m'Sync complete'[39m
  ],
  level: [32m'debug'[39m,
  module: [32m'virtual'[39m,
  source: [32m'worker'[39m,
  threadId: [33m2[39m,
  timestamp: [32m'10:43:20.611'[39m
}
[2m--------------------[0m
[10:43:20.611] [bus] [38;5;208mvirtual:copy:complete[0m
payload:
{
  virtualDir: [32m'/Users/ryn/Developer/reference-ui/packages/reference-unit/.reference-ui/virtual'[39m
}
[2m--------------------[0m
[10:43:20.611] [worker:2] [virtual] Sync complete
[10:43:20.615] [bus] [38;5;208mvirtual:fs:change[0m
payload:
{
  event: [32m'add'[39m,
  path: [32m'/Users/ryn/Developer/reference-ui/packages/reference-unit/.reference-ui/virtual/_reference-component/component.tsx'[39m
}
[2m--------------------[0m
[10:43:20.615] [bus] [38;5;208mvirtual:fs:change[0m
payload:
{
  event: [32m'add'[39m,
  path: [32m'/Users/ryn/Developer/reference-ui/packages/reference-unit/.reference-ui/virtual/_reference-component/primitives.ts'[39m
}
[2m--------------------[0m
[10:43:20.615] [bus] [38;5;208mreference:component:copied[0m
payload:
{}
[2m--------------------[0m
[10:43:20.616] [bus] [38;5;208msystem:config:ready[0m
payload:
{}
[2m--------------------[0m
[10:43:20.624] [bus] [38;5;208mlog:entry[0m
payload:
{
  args: [
    [32m'Reference build completed'[39m,
    [32m'{\n'[39m +
      [32m'  diagnosticCount: 0,\n'[39m +
      [32m"  manifestPath: '/Users/ryn/Developer/reference-ui/packages/reference-unit/.reference-ui/types/tasty/manifest.js',\n"[39m +
      [32m'  name: undefined,\n'[39m +
      [32m"  outputDir: '/Users/ryn/Developer/reference-ui/packages/reference-unit/.reference-ui/types/tasty',\n"[39m +
      [32m"  virtualDir: '/Users/ryn/Developer/reference-ui/packages/reference-unit/.reference-ui/virtual',\n"[39m +
      [32m'  warningCount: 0\n'[39m +
      [32m'}'[39m
  ],
  level: [32m'debug'[39m,
  module: [32m'reference'[39m,
  source: [32m'worker'[39m,
  threadId: [33m3[39m,
  timestamp: [32m'10:43:20.624'[39m
}
[2m--------------------[0m
[10:43:20.624] [bus] [38;5;208mreference:complete[0m
payload:
{
  diagnosticCount: [33m0[39m,
  diagnostics: [],
  manifestPath: [32m'/Users/ryn/Developer/reference-ui/packages/reference-unit/.reference-ui/types/tasty/manifest.js'[39m,
  name: [90mundefined[39m,
  outputDir: [32m'/Users/ryn/Developer/reference-ui/packages/reference-unit/.reference-ui/types/tasty'[39m,
  source: [32m'virtual'[39m,
  symbolId: [90mundefined[39m,
  warningCount: [33m0[39m
}
[2m--------------------[0m
[10:43:20.624] [worker:3] [reference] Reference build completed {
  diagnosticCount: 0,
  manifestPath: '/Users/ryn/Developer/reference-ui/packages/reference-unit/.reference-ui/types/tasty/manifest.js',
  name: undefined,
  outputDir: '/Users/ryn/Developer/reference-ui/packages/reference-unit/.reference-ui/types/tasty',
  virtualDir: '/Users/ryn/Developer/reference-ui/packages/reference-unit/.reference-ui/virtual',
  warningCount: 0
}
[10:43:20.625] [bus] [38;5;208mlog:entry[0m
payload:
{
  args: [
    [32m'run:system:config received'[39m,
    [32m'/Users/ryn/Developer/reference-ui/packages/reference-unit'[39m
  ],
  level: [32m'debug'[39m,
  module: [32m'config'[39m,
  source: [32m'worker'[39m,
  threadId: [33m7[39m,
  timestamp: [32m'10:43:20.625'[39m
}
[2m--------------------[0m
[10:43:20.625] [worker:7] [config] run:system:config received /Users/ryn/Developer/reference-ui/packages/reference-unit
[10:43:20.625] [worker:7] [config] runConfig started {
  cwd: '/Users/ryn/Developer/reference-ui/packages/reference-unit'
}
[10:43:20.625] [bus] [38;5;208mlog:entry[0m
payload:
{
  args: [
    [32m'runConfig started'[39m,
    [32m"{\n  cwd: '/Users/ryn/Developer/reference-ui/packages/reference-unit'\n}"[39m
  ],
  level: [32m'debug'[39m,
  module: [32m'config'[39m,
  source: [32m'worker'[39m,
  threadId: [33m7[39m,
  timestamp: [32m'10:43:20.625'[39m
}
[2m--------------------[0m
[10:43:20.658] [bus] [38;5;208mlog:entry[0m
payload:
{
  args: [
    [32m'baseSystem written'[39m,
    [32m'/Users/ryn/Developer/reference-ui/packages/reference-unit/.reference-ui/system/baseSystem.mjs'[39m
  ],
  level: [32m'debug'[39m,
  module: [32m'base'[39m,
  source: [32m'worker'[39m,
  threadId: [33m7[39m,
  timestamp: [32m'10:43:20.658'[39m
}
[2m--------------------[0m
[10:43:20.658] [worker:7] [base] baseSystem written /Users/ryn/Developer/reference-ui/packages/reference-unit/.reference-ui/system/baseSystem.mjs
[10:43:20.683] [bus] [38;5;208mlog:entry[0m
payload:
{
  args: [
    [32m'Wrote panda.config'[39m,
    [32m'/Users/ryn/Developer/reference-ui/packages/reference-unit/.reference-ui/panda.config.ts'[39m
  ],
  level: [32m'debug'[39m,
  module: [32m'config'[39m,
  source: [32m'worker'[39m,
  threadId: [33m7[39m,
  timestamp: [32m'10:43:20.683'[39m
}
[2m--------------------[0m
[10:43:20.684] [bus] [38;5;208mlog:entry[0m
payload:
{
  args: [
    [32m'runConfig done → system:config:complete'[39m
  ],
  level: [32m'debug'[39m,
  module: [32m'config'[39m,
  source: [32m'worker'[39m,
  threadId: [33m7[39m,
  timestamp: [32m'10:43:20.683'[39m
}
[2m--------------------[0m
[10:43:20.684] [bus] [38;5;208msystem:config:complete[0m
payload:
{}
[2m--------------------[0m
[10:43:20.683] [worker:7] [config] Wrote panda.config /Users/ryn/Developer/reference-ui/packages/reference-unit/.reference-ui/panda.config.ts
[10:43:20.683] [worker:7] [config] runConfig done → system:config:complete
[10:43:21.090] [bus] [38;5;208msystem:panda:ready[0m
payload:
{}
[2m--------------------[0m
[10:43:21.099] [bus] [38;5;208mlog:entry[0m
payload:
{
  args: [
    [32m'codegen start'[39m,
    [32m'/Users/ryn/Developer/reference-ui/packages/reference-unit/.reference-ui'[39m
  ],
  level: [32m'debug'[39m,
  module: [32m'panda'[39m,
  source: [32m'worker'[39m,
  threadId: [33m4[39m,
  timestamp: [32m'10:43:21.099'[39m
}
[2m--------------------[0m
[10:43:21.099] [worker:4] [panda] codegen start /Users/ryn/Developer/reference-ui/packages/reference-unit/.reference-ui
🐼 info [css] /Users/ryn/Developer/reference-ui/packages/reference-unit/.reference-ui/styled/styles.css
🐼 info [hrtime] Successfully extracted css from 55 file(s) ✨ (56.06ms)
[10:43:21.352] [bus] [38;5;208mlog:entry[0m
payload:
{
  args: [
    [32m'codegen done'[39m,
    [32m'/Users/ryn/Developer/reference-ui/packages/reference-unit/.reference-ui'[39m
  ],
  level: [32m'debug'[39m,
  module: [32m'panda'[39m,
  source: [32m'worker'[39m,
  threadId: [33m4[39m,
  timestamp: [32m'10:43:21.352'[39m
}
[2m--------------------[0m
[10:43:21.352] [worker:4] [panda] codegen done /Users/ryn/Developer/reference-ui/packages/reference-unit/.reference-ui
🐼 info [css] /Users/ryn/Developer/reference-ui/packages/reference-unit/.reference-ui/styled/styles.css
🐼 info [hrtime] Successfully extracted css from 55 file(s) ✨ (13.12ms)
[10:43:21.460] [bus] [38;5;208mlog:entry[0m
payload:
{
  args: [
    [32m'cssgen done'[39m,
    [32m'/Users/ryn/Developer/reference-ui/packages/reference-unit/.reference-ui'[39m
  ],
  level: [32m'debug'[39m,
  module: [32m'panda'[39m,
  source: [32m'worker'[39m,
  threadId: [33m4[39m,
  timestamp: [32m'10:43:21.460'[39m
}
[2m--------------------[0m
[10:43:21.460] [worker:4] [panda] cssgen done /Users/ryn/Developer/reference-ui/packages/reference-unit/.reference-ui
[10:43:21.476] [bus] [38;5;208mlog:entry[0m
payload:
{
  args: [
    [32m'baseSystem written'[39m,
    [32m'/Users/ryn/Developer/reference-ui/packages/reference-unit/.reference-ui/system/baseSystem.mjs'[39m
  ],
  level: [32m'debug'[39m,
  module: [32m'base'[39m,
  source: [32m'worker'[39m,
  threadId: [33m4[39m,
  timestamp: [32m'10:43:21.476'[39m
}
[2m--------------------[0m
[10:43:21.476] [bus] [38;5;208msystem:panda:css[0m
payload:
{}
[2m--------------------[0m
[10:43:21.476] [bus] [38;5;208msystem:panda:codegen[0m
payload:
{}
[2m--------------------[0m
[10:43:21.476] [worker:4] [base] baseSystem written /Users/ryn/Developer/reference-ui/packages/reference-unit/.reference-ui/system/baseSystem.mjs
[10:43:21.477] [bus] [38;5;208mlog:entry[0m
payload:
{
  args: [
    [32m'📦 Packaging...'[39m
  ],
  level: [32m'debug'[39m,
  module: [32m'packager'[39m,
  source: [32m'worker'[39m,
  threadId: [33m5[39m,
  timestamp: [32m'10:43:21.477'[39m
}
[2m--------------------[0m
[10:43:21.477] [worker:5] [packager] 📦 Packaging...
[10:43:21.494] [bus] [38;5;208mlog:entry[0m
payload:
{
  args: [
    [32m'✓ @reference-ui/react → /Users/ryn/Developer/reference-ui/packages/reference-unit/node_modules/@reference-ui/react'[39m
  ],
  level: [32m'debug'[39m,
  module: [32m'packager'[39m,
  source: [32m'worker'[39m,
  threadId: [33m5[39m,
  timestamp: [32m'10:43:21.494'[39m
}
[2m--------------------[0m
[10:43:21.494] [worker:5] [packager] ✓ @reference-ui/react → /Users/ryn/Developer/reference-ui/packages/reference-unit/node_modules/@reference-ui/react
[10:43:21.498] [bus] [38;5;208mlog:entry[0m
payload:
{
  args: [
    [32m'✓ @reference-ui/system → /Users/ryn/Developer/reference-ui/packages/reference-unit/node_modules/@reference-ui/system'[39m
  ],
  level: [32m'debug'[39m,
  module: [32m'packager'[39m,
  source: [32m'worker'[39m,
  threadId: [33m5[39m,
  timestamp: [32m'10:43:21.497'[39m
}
[2m--------------------[0m
[10:43:21.497] [worker:5] [packager] ✓ @reference-ui/system → /Users/ryn/Developer/reference-ui/packages/reference-unit/node_modules/@reference-ui/system
[10:43:21.506] [bus] [38;5;208mlog:entry[0m
payload:
{
  args: [
    [32m'✓ @reference-ui/types → /Users/ryn/Developer/reference-ui/packages/reference-unit/node_modules/@reference-ui/types'[39m
  ],
  level: [32m'debug'[39m,
  module: [32m'packager'[39m,
  source: [32m'worker'[39m,
  threadId: [33m5[39m,
  timestamp: [32m'10:43:21.506'[39m
}
[2m--------------------[0m
[10:43:21.506] [worker:5] [packager] ✓ @reference-ui/types → /Users/ryn/Developer/reference-ui/packages/reference-unit/node_modules/@reference-ui/types
[10:43:21.506] [bus] [38;5;208mlog:entry[0m
payload:
{
  args: [
    [32m'✓ @reference-ui/styled → /Users/ryn/Developer/reference-ui/packages/reference-unit/node_modules/@reference-ui/styled'[39m
  ],
  level: [32m'debug'[39m,
  module: [32m'packager'[39m,
  source: [32m'worker'[39m,
  threadId: [33m5[39m,
  timestamp: [32m'10:43:21.506'[39m
}
[2m--------------------[0m
[10:43:21.507] [bus] [38;5;208mlog:entry[0m
payload:
{
  args: [
    [32m'✅ 4 package(s) ready'[39m
  ],
  level: [32m'debug'[39m,
  module: [32m'packager'[39m,
  source: [32m'worker'[39m,
  threadId: [33m5[39m,
  timestamp: [32m'10:43:21.506'[39m
}
[2m--------------------[0m
[10:43:21.507] [bus] [38;5;208mpackager:complete[0m
payload:
{}
[2m--------------------[0m
[10:43:21.506] [worker:5] [packager] ✓ @reference-ui/styled → /Users/ryn/Developer/reference-ui/packages/reference-unit/node_modules/@reference-ui/styled
[10:43:21.506] [worker:5] [packager] ✅ 4 package(s) ready
[10:43:23.432] [bus] [38;5;208mprocess:exit[0m
payload:
{
  code: [33m0[39m,
  pid: [33m37549[39m,
  processName: [32m'tsup'[39m,
  signal: [1mnull[22m
}
[2m--------------------[0m
[10:43:23.433] [bus] [38;5;208mlog:entry[0m
payload:
{
  args: [
    [32m'✓ Compiled @reference-ui/react'[39m
  ],
  level: [32m'debug'[39m,
  module: [32m'packager:ts'[39m,
  source: [32m'worker'[39m,
  threadId: [33m6[39m,
  timestamp: [32m'10:43:23.433'[39m
}
[2m--------------------[0m
[10:43:23.433] [worker:6] [packager:ts] ✓ Compiled @reference-ui/react
[10:43:23.433] [bus] [38;5;208mlog:entry[0m
payload:
{
  args: [
    [32m'✓ @reference-ui/react ready'[39m
  ],
  level: [32m'debug'[39m,
  module: [32m'packager:ts'[39m,
  source: [32m'worker'[39m,
  threadId: [33m6[39m,
  timestamp: [32m'10:43:23.433'[39m
}
[2m--------------------[0m
[10:43:23.433] [bus] [38;5;208mlog:entry[0m
payload:
{
  args: [
    [32m'Building types for @reference-ui/system...'[39m
  ],
  level: [32m'debug'[39m,
  module: [32m'packager:ts'[39m,
  source: [32m'worker'[39m,
  threadId: [33m6[39m,
  timestamp: [32m'10:43:23.433'[39m
}
[2m--------------------[0m
[10:43:23.433] [worker:6] [packager:ts] ✓ @reference-ui/react ready
[10:43:23.433] [worker:6] [packager:ts] Building types for @reference-ui/system...
[10:43:23.434] [bus] [38;5;208mlog:entry[0m
payload:
{
  args: [
    [32m'[tsup] spawned PID 37602'[39m
  ],
  level: [32m'debug'[39m,
  module: [32m'packager:ts'[39m,
  source: [32m'worker'[39m,
  threadId: [33m6[39m,
  timestamp: [32m'10:43:23.434'[39m
}
[2m--------------------[0m
[10:43:23.434] [worker:6] [packager:ts] [tsup] spawned PID 37602
[10:43:23.434] [bus] [38;5;208mprocess:spawned[0m
payload:
{
  pid: [33m37602[39m,
  processName: [32m'tsup'[39m
}
[2m--------------------[0m
[10:43:24.926] [bus] [38;5;208mprocess:exit[0m
payload:
{
  code: [33m0[39m,
  pid: [33m37602[39m,
  processName: [32m'tsup'[39m,
  signal: [1mnull[22m
}
[2m--------------------[0m
[10:43:24.927] [bus] [38;5;208mlog:entry[0m
payload:
{
  args: [
    [32m'✓ Compiled @reference-ui/system'[39m
  ],
  level: [32m'debug'[39m,
  module: [32m'packager:ts'[39m,
  source: [32m'worker'[39m,
  threadId: [33m6[39m,
  timestamp: [32m'10:43:24.927'[39m
}
[2m--------------------[0m
[10:43:24.927] [worker:6] [packager:ts] ✓ Compiled @reference-ui/system
[10:43:24.927] [bus] [38;5;208mlog:entry[0m
payload:
{
  args: [
    [32m'✓ @reference-ui/system ready'[39m
  ],
  level: [32m'debug'[39m,
  module: [32m'packager:ts'[39m,
  source: [32m'worker'[39m,
  threadId: [33m6[39m,
  timestamp: [32m'10:43:24.927'[39m
}
[2m--------------------[0m
[10:43:24.927] [bus] [38;5;208mlog:entry[0m
payload:
{
  args: [
    [32m'Building types for @reference-ui/types...'[39m
  ],
  level: [32m'debug'[39m,
  module: [32m'packager:ts'[39m,
  source: [32m'worker'[39m,
  threadId: [33m6[39m,
  timestamp: [32m'10:43:24.927'[39m
}
[2m--------------------[0m
[10:43:24.927] [worker:6] [packager:ts] ✓ @reference-ui/system ready
[10:43:24.927] [worker:6] [packager:ts] Building types for @reference-ui/types...
[10:43:24.929] [bus] [38;5;208mlog:entry[0m
payload:
{
  args: [
    [32m'[tsup] spawned PID 37654'[39m
  ],
  level: [32m'debug'[39m,
  module: [32m'packager:ts'[39m,
  source: [32m'worker'[39m,
  threadId: [33m6[39m,
  timestamp: [32m'10:43:24.929'[39m
}
[2m--------------------[0m
[10:43:24.929] [bus] [38;5;208mprocess:spawned[0m
payload:
{
  pid: [33m37654[39m,
  processName: [32m'tsup'[39m
}
[2m--------------------[0m
[10:43:24.929] [worker:6] [packager:ts] [tsup] spawned PID 37654
[10:43:27.504] [bus] [38;5;208mprocess:exit[0m
payload:
{
  code: [33m0[39m,
  pid: [33m37654[39m,
  processName: [32m'tsup'[39m,
  signal: [1mnull[22m
}
[2m--------------------[0m
[10:43:27.504] [bus] [38;5;208mlog:entry[0m
payload:
{
  args: [
    [32m'✓ Compiled @reference-ui/types'[39m
  ],
  level: [32m'debug'[39m,
  module: [32m'packager:ts'[39m,
  source: [32m'worker'[39m,
  threadId: [33m6[39m,
  timestamp: [32m'10:43:27.504'[39m
}
[2m--------------------[0m
[10:43:27.504] [worker:6] [packager:ts] ✓ Compiled @reference-ui/types
[10:43:27.504] [bus] [38;5;208mlog:entry[0m
payload:
{
  args: [
    [32m'✓ @reference-ui/types ready'[39m
  ],
  level: [32m'debug'[39m,
  module: [32m'packager:ts'[39m,
  source: [32m'worker'[39m,
  threadId: [33m6[39m,
  timestamp: [32m'10:43:27.504'[39m
}
[2m--------------------[0m
[10:43:27.504] [worker:6] [packager:ts] ✓ @reference-ui/types ready
[ref sync] ready
[10:43:27.515] [bus] [38;5;208mpackager-ts:complete[0m
payload:
{}
[2m--------------------[0m
[10:43:27.515] [bus] [38;5;208mlog:entry[0m
payload:
{
  args: [
    [32m'Declarations ready'[39m
  ],
  level: [32m'debug'[39m,
  module: [32m'packager:ts'[39m,
  source: [32m'worker'[39m,
  threadId: [33m6[39m,
  timestamp: [32m'10:43:27.515'[39m
}
[2m--------------------[0m
[10:43:27.515] [bus] [38;5;208mlog:entry[0m
payload:
{
  args: [
    [32m'Generating TypeScript declarations...'[39m
  ],
  level: [32m'debug'[39m,
  module: [32m'packager:ts'[39m,
  source: [32m'worker'[39m,
  threadId: [33m6[39m,
  timestamp: [32m'10:43:27.515'[39m
}
[2m--------------------[0m
[10:43:27.515] [bus] [38;5;208mlog:entry[0m
payload:
{
  args: [
    [32m'Building types for @reference-ui/react...'[39m
  ],
  level: [32m'debug'[39m,
  module: [32m'packager:ts'[39m,
  source: [32m'worker'[39m,
  threadId: [33m6[39m,
  timestamp: [32m'10:43:27.515'[39m
}
[2m--------------------[0m
[10:43:27.515] [worker:6] [packager:ts] Declarations ready
[10:43:27.515] [worker:6] [packager:ts] Generating TypeScript declarations...
[10:43:27.515] [worker:6] [packager:ts] Building types for @reference-ui/react...
[10:43:27.516] [bus] [38;5;208mlog:entry[0m
payload:
{
  args: [
    [32m'[tsup] spawned PID 37704'[39m
  ],
  level: [32m'debug'[39m,
  module: [32m'packager:ts'[39m,
  source: [32m'worker'[39m,
  threadId: [33m6[39m,
  timestamp: [32m'10:43:27.516'[39m
}
[2m--------------------[0m
[10:43:27.517] [bus] [38;5;208mprocess:spawned[0m
payload:
{
  pid: [33m37704[39m,
  processName: [32m'tsup'[39m
}
[2m--------------------[0m
[10:43:27.516] [worker:6] [packager:ts] [tsup] spawned PID 37704
[10:43:27.745] [bus] [38;5;208mlog:entry[0m
payload:
{
  args: [
    [32m'add: src/__e2e_watch__.tsx'[39m
  ],
  level: [32m'debug'[39m,
  module: [32m'watch'[39m,
  source: [32m'worker'[39m,
  threadId: [33m1[39m,
  timestamp: [32m'10:43:27.745'[39m
}
[2m--------------------[0m
[10:43:27.745] [bus] [38;5;208mwatch:change[0m
payload:
{
  event: [32m'add'[39m,
  path: [32m'/Users/ryn/Developer/reference-ui/packages/reference-unit/src/__e2e_watch__.tsx'[39m
}
[2m--------------------[0m
[10:43:27.745] [worker:1] [watch] add: src/__e2e_watch__.tsx
[10:43:27.746] [bus] [38;5;208mvirtual:fs:change[0m
payload:
{
  event: [32m'add'[39m,
  path: [32m'/Users/ryn/Developer/reference-ui/packages/reference-unit/.reference-ui/virtual/src/__e2e_watch__.tsx'[39m
}
[2m--------------------[0m
[10:43:27.746] [bus] [38;5;208mlog:entry[0m
payload:
{
  args: [
    [32m'Processed watch:change → virtual:fs:change'[39m,
    [32m'add'[39m,
    [32m'/Users/ryn/Developer/reference-ui/packages/reference-unit/.reference-ui/virtual/src/__e2e_watch__.tsx'[39m
  ],
  level: [32m'debug'[39m,
  module: [32m'virtual'[39m,
  source: [32m'worker'[39m,
  threadId: [33m2[39m,
  timestamp: [32m'10:43:27.746'[39m
}
[2m--------------------[0m
[10:43:27.746] [worker:2] [virtual] Processed watch:change → virtual:fs:change add /Users/ryn/Developer/reference-ui/packages/reference-unit/.reference-ui/virtual/src/__e2e_watch__.tsx
[10:43:27.823] [bus] [38;5;208mlog:entry[0m
payload:
{
  args: [
    [32m'change: src/__e2e_watch__.tsx'[39m
  ],
  level: [32m'debug'[39m,
  module: [32m'watch'[39m,
  source: [32m'worker'[39m,
  threadId: [33m1[39m,
  timestamp: [32m'10:43:27.822'[39m
}
[2m--------------------[0m
[10:43:27.823] [bus] [38;5;208mwatch:change[0m
payload:
{
  event: [32m'change'[39m,
  path: [32m'/Users/ryn/Developer/reference-ui/packages/reference-unit/src/__e2e_watch__.tsx'[39m
}
[2m--------------------[0m
[10:43:27.822] [worker:1] [watch] change: src/__e2e_watch__.tsx
[10:43:27.823] [bus] [38;5;208mvirtual:fs:change[0m
payload:
{
  event: [32m'change'[39m,
  path: [32m'/Users/ryn/Developer/reference-ui/packages/reference-unit/.reference-ui/virtual/src/__e2e_watch__.tsx'[39m
}
[2m--------------------[0m
[10:43:27.824] [bus] [38;5;208mlog:entry[0m
payload:
{
  args: [
    [32m'Processed watch:change → virtual:fs:change'[39m,
    [32m'change'[39m,
    [32m'/Users/ryn/Developer/reference-ui/packages/reference-unit/.reference-ui/virtual/src/__e2e_watch__.tsx'[39m
  ],
  level: [32m'debug'[39m,
  module: [32m'virtual'[39m,
  source: [32m'worker'[39m,
  threadId: [33m2[39m,
  timestamp: [32m'10:43:27.823'[39m
}
[2m--------------------[0m
[10:43:27.823] [worker:2] [virtual] Processed watch:change → virtual:fs:change change /Users/ryn/Developer/reference-ui/packages/reference-unit/.reference-ui/virtual/src/__e2e_watch__.tsx
[10:43:27.907] [bus] [38;5;208mlog:entry[0m
payload:
{
  args: [
    [32m'unlink: src/__e2e_watch__.tsx'[39m
  ],
  level: [32m'debug'[39m,
  module: [32m'watch'[39m,
  source: [32m'worker'[39m,
  threadId: [33m1[39m,
  timestamp: [32m'10:43:27.907'[39m
}
[2m--------------------[0m
[10:43:27.907] [bus] [38;5;208mwatch:change[0m
payload:
{
  event: [32m'unlink'[39m,
  path: [32m'/Users/ryn/Developer/reference-ui/packages/reference-unit/src/__e2e_watch__.tsx'[39m
}
[2m--------------------[0m
[10:43:27.907] [bus] [38;5;208mlog:entry[0m
payload:
{
  args: [
    [32m'add: src/__e2e_watch_css__.tsx'[39m
  ],
  level: [32m'debug'[39m,
  module: [32m'watch'[39m,
  source: [32m'worker'[39m,
  threadId: [33m1[39m,
  timestamp: [32m'10:43:27.907'[39m
}
[2m--------------------[0m
[10:43:27.908] [bus] [38;5;208mwatch:change[0m
payload:
{
  event: [32m'add'[39m,
  path: [32m'/Users/ryn/Developer/reference-ui/packages/reference-unit/src/__e2e_watch_css__.tsx'[39m
}
[2m--------------------[0m
[10:43:27.907] [worker:1] [watch] unlink: src/__e2e_watch__.tsx
[10:43:27.907] [worker:1] [watch] add: src/__e2e_watch_css__.tsx
[10:43:27.908] [bus] [38;5;208mlog:entry[0m
payload:
{
  args: [
    [32m'Removing: src/__e2e_watch__.tsx'[39m
  ],
  level: [32m'debug'[39m,
  module: [32m'virtual'[39m,
  source: [32m'worker'[39m,
  threadId: [33m2[39m,
  timestamp: [32m'10:43:27.908'[39m
}
[2m--------------------[0m
[10:43:27.908] [worker:2] [virtual] Removing: src/__e2e_watch__.tsx
[10:43:27.908] [bus] [38;5;208mvirtual:fs:change[0m
payload:
{
  event: [32m'unlink'[39m,
  path: [32m'/Users/ryn/Developer/reference-ui/packages/reference-unit/.reference-ui/virtual/src/__e2e_watch__.tsx'[39m
}
[2m--------------------[0m
[10:43:27.908] [bus] [38;5;208mlog:entry[0m
payload:
{
  args: [
    [32m'Processed watch:change → virtual:fs:change'[39m,
    [32m'unlink'[39m,
    [32m'/Users/ryn/Developer/reference-ui/packages/reference-unit/.reference-ui/virtual/src/__e2e_watch__.tsx'[39m
  ],
  level: [32m'debug'[39m,
  module: [32m'virtual'[39m,
  source: [32m'worker'[39m,
  threadId: [33m2[39m,
  timestamp: [32m'10:43:27.908'[39m
}
[2m--------------------[0m
[10:43:27.908] [worker:2] [virtual] Processed watch:change → virtual:fs:change unlink /Users/ryn/Developer/reference-ui/packages/reference-unit/.reference-ui/virtual/src/__e2e_watch__.tsx
[10:43:27.908] [bus] [38;5;208mlog:entry[0m
payload:
{
  args: [
    [32m'✓ src/__e2e_watch_css__.tsx'[39m
  ],
  level: [32m'debug'[39m,
  module: [32m'virtual'[39m,
  source: [32m'worker'[39m,
  threadId: [33m2[39m,
  timestamp: [32m'10:43:27.908'[39m
}
[2m--------------------[0m
[10:43:27.908] [bus] [38;5;208mvirtual:fs:change[0m
payload:
{
  event: [32m'add'[39m,
  path: [32m'/Users/ryn/Developer/reference-ui/packages/reference-unit/.reference-ui/virtual/src/__e2e_watch_css__.tsx'[39m
}
[2m--------------------[0m
[10:43:27.908] [bus] [38;5;208mlog:entry[0m
payload:
{
  args: [
    [32m'Processed watch:change → virtual:fs:change'[39m,
    [32m'add'[39m,
    [32m'/Users/ryn/Developer/reference-ui/packages/reference-unit/.reference-ui/virtual/src/__e2e_watch_css__.tsx'[39m
  ],
  level: [32m'debug'[39m,
  module: [32m'virtual'[39m,
  source: [32m'worker'[39m,
  threadId: [33m2[39m,
  timestamp: [32m'10:43:27.908'[39m
}
[2m--------------------[0m
[10:43:27.908] [worker:2] [virtual] ✓ src/__e2e_watch_css__.tsx
[10:43:27.908] [worker:2] [virtual] Processed watch:change → virtual:fs:change add /Users/ryn/Developer/reference-ui/packages/reference-unit/.reference-ui/virtual/src/__e2e_watch_css__.tsx
[10:43:30.369] [bus] [38;5;208mprocess:exit[0m
payload:
{
  code: [33m0[39m,
  pid: [33m37704[39m,
  processName: [32m'tsup'[39m,
  signal: [1mnull[22m
}
[2m--------------------[0m
[10:43:30.370] [bus] [38;5;208mlog:entry[0m
payload:
{
  args: [
    [32m'✓ Compiled @reference-ui/react'[39m
  ],
  level: [32m'debug'[39m,
  module: [32m'packager:ts'[39m,
  source: [32m'worker'[39m,
  threadId: [33m6[39m,
  timestamp: [32m'10:43:30.370'[39m
}
[2m--------------------[0m
[10:43:30.370] [worker:6] [packager:ts] ✓ Compiled @reference-ui/react
[10:43:30.371] [bus] [38;5;208mlog:entry[0m
payload:
{
  args: [
    [32m'✓ @reference-ui/react ready'[39m
  ],
  level: [32m'debug'[39m,
  module: [32m'packager:ts'[39m,
  source: [32m'worker'[39m,
  threadId: [33m6[39m,
  timestamp: [32m'10:43:30.370'[39m
}
[2m--------------------[0m
[10:43:30.371] [bus] [38;5;208mlog:entry[0m
payload:
{
  args: [
    [32m'Building types for @reference-ui/system...'[39m
  ],
  level: [32m'debug'[39m,
  module: [32m'packager:ts'[39m,
  source: [32m'worker'[39m,
  threadId: [33m6[39m,
  timestamp: [32m'10:43:30.371'[39m
}
[2m--------------------[0m
[10:43:30.370] [worker:6] [packager:ts] ✓ @reference-ui/react ready
[10:43:30.371] [worker:6] [packager:ts] Building types for @reference-ui/system...
[10:43:30.372] [bus] [38;5;208mlog:entry[0m
payload:
{
  args: [
    [32m'[tsup] spawned PID 37774'[39m
  ],
  level: [32m'debug'[39m,
  module: [32m'packager:ts'[39m,
  source: [32m'worker'[39m,
  threadId: [33m6[39m,
  timestamp: [32m'10:43:30.372'[39m
}
[2m--------------------[0m
[10:43:30.372] [bus] [38;5;208mprocess:spawned[0m
payload:
{
  pid: [33m37774[39m,
  processName: [32m'tsup'[39m
}
[2m--------------------[0m
[10:43:30.372] [worker:6] [packager:ts] [tsup] spawned PID 37774
[10:43:31.829] [bus] [38;5;208mprocess:exit[0m
payload:
{
  code: [33m0[39m,
  pid: [33m37774[39m,
  processName: [32m'tsup'[39m,
  signal: [1mnull[22m
}
[2m--------------------[0m
[10:43:31.831] [bus] [38;5;208mlog:entry[0m
payload:
{
  args: [
    [32m'✓ Compiled @reference-ui/system'[39m
  ],
  level: [32m'debug'[39m,
  module: [32m'packager:ts'[39m,
  source: [32m'worker'[39m,
  threadId: [33m6[39m,
  timestamp: [32m'10:43:31.831'[39m
}
[2m--------------------[0m
[10:43:31.831] [worker:6] [packager:ts] ✓ Compiled @reference-ui/system
[10:43:31.831] [bus] [38;5;208mlog:entry[0m
payload:
{
  args: [
    [32m'✓ @reference-ui/system ready'[39m
  ],
  level: [32m'debug'[39m,
  module: [32m'packager:ts'[39m,
  source: [32m'worker'[39m,
  threadId: [33m6[39m,
  timestamp: [32m'10:43:31.831'[39m
}
[2m--------------------[0m
[10:43:31.831] [bus] [38;5;208mlog:entry[0m
payload:
{
  args: [
    [32m'Building types for @reference-ui/types...'[39m
  ],
  level: [32m'debug'[39m,
  module: [32m'packager:ts'[39m,
  source: [32m'worker'[39m,
  threadId: [33m6[39m,
  timestamp: [32m'10:43:31.831'[39m
}
[2m--------------------[0m
[10:43:31.831] [worker:6] [packager:ts] ✓ @reference-ui/system ready
[10:43:31.831] [worker:6] [packager:ts] Building types for @reference-ui/types...
[10:43:31.832] [bus] [38;5;208mlog:entry[0m
payload:
{
  args: [
    [32m'[tsup] spawned PID 37822'[39m
  ],
  level: [32m'debug'[39m,
  module: [32m'packager:ts'[39m,
  source: [32m'worker'[39m,
  threadId: [33m6[39m,
  timestamp: [32m'10:43:31.832'[39m
}
[2m--------------------[0m
[10:43:31.832] [bus] [38;5;208mprocess:spawned[0m
payload:
{
  pid: [33m37822[39m,
  processName: [32m'tsup'[39m
}
[2m--------------------[0m
[10:43:31.832] [worker:6] [packager:ts] [tsup] spawned PID 37822
[10:43:34.459] [bus] [38;5;208mprocess:exit[0m
payload:
{
  code: [33m0[39m,
  pid: [33m37822[39m,
  processName: [32m'tsup'[39m,
  signal: [1mnull[22m
}
[2m--------------------[0m
[10:43:34.460] [bus] [38;5;208mlog:entry[0m
payload:
{
  args: [
    [32m'✓ Compiled @reference-ui/types'[39m
  ],
  level: [32m'debug'[39m,
  module: [32m'packager:ts'[39m,
  source: [32m'worker'[39m,
  threadId: [33m6[39m,
  timestamp: [32m'10:43:34.459'[39m
}
[2m--------------------[0m
[10:43:34.459] [worker:6] [packager:ts] ✓ Compiled @reference-ui/types
[10:43:34.460] [bus] [38;5;208mlog:entry[0m
payload:
{
  args: [
    [32m'✓ @reference-ui/types ready'[39m
  ],
  level: [32m'debug'[39m,
  module: [32m'packager:ts'[39m,
  source: [32m'worker'[39m,
  threadId: [33m6[39m,
  timestamp: [32m'10:43:34.460'[39m
}
[2m--------------------[0m
[10:43:34.460] [worker:6] [packager:ts] ✓ @reference-ui/types ready
[10:43:34.470] [bus] [38;5;208mpackager-ts:complete[0m
payload:
{}
[2m--------------------[0m
[10:43:34.470] [bus] [38;5;208mlog:entry[0m
payload:
{
  args: [
    [32m'Declarations ready'[39m
  ],
  level: [32m'debug'[39m,
  module: [32m'packager:ts'[39m,
  source: [32m'worker'[39m,
  threadId: [33m6[39m,
  timestamp: [32m'10:43:34.470'[39m
}
[2m--------------------[0m
[10:43:34.470] [worker:6] [packager:ts] Declarations ready
